<?xml version="1.0" encoding="UTF-8"?>
<!-- Generated by org.testng.reporters.JUnitReportReporter -->
<testsuite hostname="LAPTOP-6K49AFBJ" name="mavenDemoTest.MavenDemoTest.mevenLoginTest" tests="2" failures="0" timestamp="11 Sep 2019 10:44:34 GMT" time="33.434" errors="0">
  <testcase name="JMLogin" time="20.117" classname="mavenDemoTest.MavenDemoTest.mevenLoginTest"/>
  <testcase name="BLRLlogin" time="13.317" classname="mavenDemoTest.MavenDemoTest.mevenLoginTest"/>
</testsuite> <!-- mavenDemoTest.MavenDemoTest.mevenLoginTest -->
