<?xml version="1.0" encoding="UTF-8"?>
<!-- Generated by org.testng.reporters.JUnitReportReporter -->
<testsuite hostname="LAPTOP-6K49AFBJ" name="mavenDemoTest.MavenDemoTest.AppTest" tests="1" failures="0" timestamp="11 Sep 2019 10:44:34 GMT" time="0.001" errors="0">
  <testcase name="testApp" time="0.001" classname="mavenDemoTest.MavenDemoTest.AppTest"/>
</testsuite> <!-- mavenDemoTest.MavenDemoTest.AppTest -->
